{"C:\\Users\\adm\\Downloads\\BL-BOOKSTORE-masterN\\BL-BOOKSTORE-master\\src\\components\\AddressCart.tsx": {"path":"C:\\Users\\adm\\Downloads\\BL-BOOKSTORE-masterN\\BL-BOOKSTORE-master\\src\\components\\AddressCart.tsx","statementMap":{"0":{"start":{"line":1,"column":0},"end":{"line":1,"column":44}},"1":{"start":{"line":8,"column":50},"end":{"line":8,"column":77}},"2":{"start":{"line":10,"column":4},"end":{"line":12,"column":28}},"3":{"start":{"line":11,"column":8},"end":{"line":11,"column":46}},"4":{"start":{"line":14,"column":28},"end":{"line":16,"column":5}},"5":{"start":{"line":15,"column":8},"end":{"line":15,"column":45}},"6":{"start":{"line":18,"column":4},"end":{"line":120,"column":6}},"7":{"start":{"line":31,"column":48},"end":{"line":31,"column":67}},"8":{"start":{"line":123,"column":0},"end":{"line":123,"column":27}}},"fnMap":{"0":{"name":"AddressCart","decl":{"start":{"line":7,"column":9},"end":{"line":7,"column":20}},"loc":{"start":{"line":7,"column":61},"end":{"line":121,"column":1}}},"1":{"name":"(anonymous_1)","decl":{"start":{"line":10,"column":14},"end":{"line":10,"column":17}},"loc":{"start":{"line":10,"column":19},"end":{"line":12,"column":5}}},"2":{"name":"(anonymous_2)","decl":{"start":{"line":14,"column":28},"end":{"line":14,"column":31}},"loc":{"start":{"line":14,"column":33},"end":{"line":16,"column":5}}},"3":{"name":"(anonymous_3)","decl":{"start":{"line":31,"column":41},"end":{"line":31,"column":42}},"loc":{"start":{"line":31,"column":48},"end":{"line":31,"column":67}}}},"branchMap":{"0":{"loc":{"start":{"line":38,"column":21},"end":{"line":115,"column":null}},"type":"binary-expr","locations":[{"start":{"line":38,"column":21},"end":{"line":38,"column":36}},{"start":{"line":39,"column":24},"end":{"line":114,"column":null}}]}},"s":{"0":1,"1":6,"2":6,"3":4,"4":6,"5":1,"6":6,"7":1,"8":1},"f":{"0":6,"1":4,"2":1,"3":1},"b":{"0":[6,3]}}
,"C:\\Users\\adm\\Downloads\\BL-BOOKSTORE-masterN\\BL-BOOKSTORE-master\\src\\components\\BookCard.tsx": {"path":"C:\\Users\\adm\\Downloads\\BL-BOOKSTORE-masterN\\BL-BOOKSTORE-master\\src\\components\\BookCard.tsx","statementMap":{"0":{"start":{"line":1,"column":0},"end":{"line":1,"column":36}},"1":{"start":{"line":2,"column":0},"end":{"line":2,"column":43}},"2":{"start":{"line":21,"column":4},"end":{"line":44,"column":null}},"3":{"start":{"line":47,"column":0},"end":{"line":47,"column":null}}},"fnMap":{"0":{"name":"BookCard","decl":{"start":{"line":20,"column":9},"end":{"line":20,"column":17}},"loc":{"start":{"line":20,"column":37},"end":{"line":45,"column":1}}}},"branchMap":{},"s":{"0":1,"1":1,"2":4,"3":1},"f":{"0":4},"b":{}}
}
