{"C:\\Users\\adm\\Downloads\\BL-BOOKSTORE-masterN\\BL-BOOKSTORE-master\\src\\components\\BookCardShimmer.tsx": {"path":"C:\\Users\\adm\\Downloads\\BL-BOOKSTORE-masterN\\BL-BOOKSTORE-master\\src\\components\\BookCardShimmer.tsx","statementMap":{"0":{"start":{"line":1,"column":24},"end":{"line":21,"column":1}},"1":{"start":{"line":2,"column":2},"end":{"line":20,"column":4}},"2":{"start":{"line":23,"column":0},"end":{"line":23,"column":31}}},"fnMap":{"0":{"name":"(anonymous_0)","decl":{"start":{"line":1,"column":24},"end":{"line":1,"column":27}},"loc":{"start":{"line":1,"column":29},"end":{"line":21,"column":1}}}},"branchMap":{},"s":{"0":1,"1":2,"2":1},"f":{"0":2},"b":{}}
}
