TN:
SF:src\components\AddressCart.tsx
FN:7,AddressCart
FN:10,(anonymous_1)
FN:14,(anonymous_2)
FN:31,(anonymous_3)
FNF:4
FNH:4
FNDA:6,AddressCart
FNDA:4,(anonymous_1)
FNDA:1,(anonymous_2)
FNDA:1,(anonymous_3)
DA:1,1
DA:8,6
DA:10,6
DA:11,4
DA:14,6
DA:15,1
DA:18,6
DA:31,1
DA:123,1
LF:9
LH:9
BRDA:38,0,0,6
BRDA:38,0,1,3
BRF:2
BRH:2
end_of_record
TN:
SF:src\components\BookCard.tsx
FN:20,BookCard
FNF:1
FNH:1
FNDA:4,BookCard
DA:1,1
DA:2,1
DA:21,4
DA:47,1
LF:4
LH:4
BRF:0
BRH:0
end_of_record
TN:
SF:src\components\BookCardShimmer.tsx
FN:1,(anonymous_0)
FNF:1
FNH:1
FNDA:2,(anonymous_0)
DA:1,1
DA:2,2
DA:23,1
LF:3
LH:3
BRF:0
BRH:0
end_of_record
TN:
SF:src\components\BookPageContainer.tsx
FN:29,BookPageContainer
FN:39,(anonymous_2)
FN:40,(anonymous_3)
FN:44,(anonymous_4)
FN:47,(anonymous_5)
FN:49,(anonymous_6)
FN:60,(anonymous_7)
FN:61,(anonymous_8)
FN:64,(anonymous_9)
FN:69,(anonymous_10)
FN:86,(anonymous_11)
FN:120,(anonymous_12)
FN:125,(anonymous_13)
FNF:13
FNH:9
FNDA:28,BookPageContainer
FNDA:0,(anonymous_2)
FNDA:0,(anonymous_3)
FNDA:7,(anonymous_4)
FNDA:27,(anonymous_5)
FNDA:27,(anonymous_6)
FNDA:14,(anonymous_7)
FNDA:3,(anonymous_8)
FNDA:9,(anonymous_9)
FNDA:3,(anonymous_10)
FNDA:3,(anonymous_11)
FNDA:0,(anonymous_12)
FNDA:0,(anonymous_13)
DA:1,1
DA:2,1
DA:3,1
DA:4,1
DA:5,1
DA:6,1
DA:7,1
DA:8,1
DA:9,1
DA:10,1
DA:30,28
DA:31,28
DA:32,28
DA:33,28
DA:34,28
DA:35,28
DA:36,28
DA:37,28
DA:39,28
DA:40,28
DA:41,28
DA:42,28
DA:44,28
DA:45,28
DA:47,28
DA:48,27
DA:49,27
DA:50,27
DA:51,27
DA:52,25
DA:54,2
DA:57,27
DA:60,28
DA:61,14
DA:64,28
DA:65,9
DA:66,9
DA:69,28
DA:70,3
DA:71,3
DA:72,1
DA:73,1
DA:74,1
DA:76,2
DA:77,1
DA:78,1
DA:81,1
DA:82,1
DA:86,28
DA:87,3
DA:88,1
DA:89,1
DA:91,2
DA:92,2
DA:93,1
DA:94,1
DA:96,1
DA:97,1
DA:101,28
DA:120,0
DA:125,0
DA:188,1
LF:62
LH:60
BRDA:35,0,0,28
BRDA:35,0,1,0
BRDA:41,1,0,28
BRDA:41,1,1,28
BRDA:65,2,0,9
BRDA:65,2,1,0
BRDA:71,3,0,1
BRDA:71,3,1,2
BRDA:87,4,0,1
BRDA:131,5,0,28
BRDA:131,5,1,0
BRDA:134,6,0,0
BRDA:134,6,1,28
BRDA:149,7,0,4
BRDA:149,7,1,24
BRF:15
BRH:11
end_of_record
TN:
SF:src\components\CartCounter.tsx
FN:12,CartCounter
FN:19,(anonymous_1)
FN:33,(anonymous_2)
FNF:3
FNH:3
FNDA:14,CartCounter
FNDA:3,(anonymous_1)
FNDA:5,(anonymous_2)
DA:1,2
DA:2,2
DA:3,2
DA:4,2
DA:5,2
DA:13,14
DA:14,14
DA:15,14
DA:16,14
DA:17,14
DA:19,14
DA:20,3
DA:21,3
DA:22,3
DA:23,2
DA:24,2
DA:25,2
DA:26,2
DA:28,3
DA:29,3
DA:33,14
DA:34,5
DA:35,3
DA:36,3
DA:37,3
DA:38,2
DA:39,2
DA:40,2
DA:42,3
DA:43,3
DA:46,2
DA:50,14
DA:71,2
LF:33
LH:33
BRDA:34,0,0,3
BRDA:34,0,1,2
BRF:2
BRH:2
end_of_record
TN:
SF:src\components\FeedbackBookPage.tsx
FN:6,FeedbackBookPage
FN:36,(anonymous_1)
FN:40,(anonymous_2)
FN:47,(anonymous_3)
FN:48,(anonymous_4)
FN:62,(anonymous_5)
FN:65,(anonymous_6)
FN:84,(anonymous_7)
FN:91,(anonymous_8)
FN:92,(anonymous_9)
FN:93,(anonymous_10)
FN:103,(anonymous_11)
FN:115,(anonymous_12)
FN:127,(anonymous_13)
FNF:14
FNH:12
FNDA:10,FeedbackBookPage
FNDA:2,(anonymous_1)
FNDA:4,(anonymous_2)
FNDA:4,(anonymous_3)
FNDA:4,(anonymous_4)
FNDA:1,(anonymous_5)
FNDA:1,(anonymous_6)
FNDA:50,(anonymous_7)
FNDA:0,(anonymous_8)
FNDA:0,(anonymous_9)
FNDA:2,(anonymous_10)
FNDA:1,(anonymous_11)
FNDA:2,(anonymous_12)
FNDA:10,(anonymous_13)
DA:1,1
DA:2,1
DA:3,1
DA:4,1
DA:7,10
DA:8,10
DA:9,10
DA:10,10
DA:11,10
DA:36,10
DA:37,2
DA:40,4
DA:47,10
DA:48,4
DA:49,4
DA:50,4
DA:52,4
DA:53,3
DA:55,1
DA:59,4
DA:62,10
DA:63,1
DA:64,1
DA:65,1
DA:67,1
DA:68,1
DA:71,0
DA:74,10
DA:85,50
DA:91,0
DA:92,0
DA:93,2
DA:103,1
DA:116,2
DA:128,10
DA:146,1
LF:36
LH:33
BRDA:37,0,0,2
BRDA:37,0,1,0
BRDA:43,1,0,0
BRDA:43,1,1,0
BRDA:50,2,0,0
BRDA:89,3,0,10
BRDA:89,3,1,40
BRDA:89,4,0,50
BRDA:89,4,1,50
BRDA:130,5,0,9
BRDA:130,5,1,1
BRF:11
BRH:7
end_of_record
TN:
SF:src\components\Footer.tsx
FN:1,Footer
FNF:1
FNH:1
FNDA:2,Footer
DA:2,2
DA:11,1
LF:2
LH:2
BRF:0
BRH:0
end_of_record
TN:
SF:src\components\MyCartContainer.tsx
FN:25,MyCartContainer
FN:29,(anonymous_2)
FN:40,(anonymous_3)
FN:43,(anonymous_4)
FN:47,(anonymous_5)
FN:49,(anonymous_6)
FN:50,(anonymous_7)
FN:53,(anonymous_8)
FN:65,(anonymous_9)
FN:121,(anonymous_10)
FN:130,(anonymous_11)
FN:139,(anonymous_12)
FN:144,(anonymous_13)
FN:151,(anonymous_14)
FN:151,(anonymous_15)
FNF:15
FNH:9
FNDA:6,MyCartContainer
FNDA:0,(anonymous_2)
FNDA:12,(anonymous_3)
FNDA:6,(anonymous_4)
FNDA:0,(anonymous_5)
FNDA:0,(anonymous_6)
FNDA:0,(anonymous_7)
FNDA:1,(anonymous_8)
FNDA:1,(anonymous_9)
FNDA:6,(anonymous_10)
FNDA:1,(anonymous_11)
FNDA:1,(anonymous_12)
FNDA:0,(anonymous_13)
FNDA:1,(anonymous_14)
FNDA:0,(anonymous_15)
DA:1,1
DA:2,1
DA:3,1
DA:4,1
DA:5,1
DA:6,1
DA:7,1
DA:8,1
DA:9,1
DA:10,1
DA:11,1
DA:12,1
DA:13,1
DA:14,1
DA:16,1
DA:17,1
DA:19,1
DA:26,6
DA:27,6
DA:29,6
DA:30,0
DA:33,6
DA:39,6
DA:40,12
DA:43,6
DA:44,6
DA:47,6
DA:48,0
DA:49,0
DA:50,0
DA:53,6
DA:54,1
DA:56,1
DA:57,1
DA:58,1
DA:59,1
DA:61,0
DA:65,6
DA:66,1
DA:67,0
DA:69,0
DA:70,0
DA:71,0
DA:72,0
DA:74,0
DA:80,6
DA:122,6
DA:130,1
DA:139,1
DA:144,0
DA:151,1
DA:161,1
LF:52
LH:40
BRDA:66,0,0,0
BRF:1
BRH:0
end_of_record
TN:
SF:src\components\MyOrderContainer.tsx
FN:4,MyOrderContainer
FN:22,(anonymous_2)
FNF:2
FNH:2
FNDA:1,MyOrderContainer
FNDA:7,(anonymous_2)
DA:1,1
DA:2,1
DA:5,1
DA:23,7
DA:48,1
LF:5
LH:5
BRF:0
BRH:0
end_of_record
TN:
SF:src\components\Navbar.tsx
FN:9,Navbar
FN:13,(anonymous_2)
FN:33,(anonymous_3)
FN:45,(anonymous_4)
FN:54,(anonymous_5)
FN:72,(anonymous_6)
FNF:6
FNH:6
FNDA:11,Navbar
FNDA:21,(anonymous_2)
FNDA:1,(anonymous_3)
FNDA:2,(anonymous_4)
FNDA:2,(anonymous_5)
FNDA:1,(anonymous_6)
DA:1,2
DA:2,2
DA:3,2
DA:4,2
DA:5,2
DA:6,2
DA:10,11
DA:11,11
DA:12,11
DA:13,21
DA:16,11
DA:33,1
DA:45,2
DA:55,2
DA:56,2
DA:72,1
DA:120,2
LF:17
LH:17
BRDA:51,0,0,11
BRDA:51,0,1,2
BRDA:55,1,0,2
BRDA:55,1,1,0
BRDA:56,2,0,2
BRDA:56,2,1,0
BRF:6
BRH:4
end_of_record
TN:
SF:src\components\OrderConfirmContainer.tsx
FN:4,OrderConfirmContainer
FN:6,getRandomSixDigit
FNF:2
FNH:2
FNDA:4,OrderConfirmContainer
FNDA:4,getRandomSixDigit
DA:1,1
DA:2,1
DA:5,4
DA:7,4
DA:10,4
DA:12,4
DA:63,1
LF:7
LH:7
BRF:0
BRH:0
end_of_record
TN:
SF:src\components\OrderSummary.tsx
FN:17,OrderSummary
FN:20,(anonymous_2)
FN:24,(anonymous_3)
FN:31,(anonymous_4)
FN:47,(anonymous_5)
FN:57,(anonymous_6)
FN:58,(anonymous_7)
FN:76,(anonymous_8)
FNF:8
FNH:7
FNDA:3,OrderSummary
FNDA:6,(anonymous_2)
FNDA:3,(anonymous_3)
FNDA:1,(anonymous_4)
FNDA:0,(anonymous_5)
FNDA:2,(anonymous_6)
FNDA:3,(anonymous_7)
FNDA:3,(anonymous_8)
DA:1,1
DA:3,1
DA:4,1
DA:5,1
DA:6,1
DA:7,1
DA:8,1
DA:9,1
DA:10,1
DA:11,1
DA:12,1
DA:13,1
DA:14,1
DA:15,1
DA:18,3
DA:19,3
DA:20,6
DA:22,3
DA:24,3
DA:31,3
DA:32,1
DA:33,1
DA:34,0
DA:35,0
DA:36,0
DA:37,0
DA:40,0
DA:41,0
DA:45,3
DA:47,3
DA:48,0
DA:51,3
DA:57,3
DA:58,3
DA:61,3
DA:77,3
DA:133,1
LF:37
LH:30
BRDA:34,0,0,0
BRDA:34,1,0,0
BRDA:34,1,1,0
BRDA:72,2,0,3
BRDA:72,2,1,3
BRDA:101,3,0,3
BRDA:101,3,1,2
BRDA:119,4,0,3
BRDA:119,4,1,1
BRF:9
BRH:6
end_of_record
TN:
SF:src\components\WishlistContainer.tsx
FN:25,WishlistContainer
FN:36,(anonymous_2)
FN:37,(anonymous_3)
FN:55,(anonymous_4)
FN:59,(anonymous_5)
FN:60,(anonymous_6)
FN:69,(anonymous_7)
FN:96,(anonymous_8)
FN:106,(anonymous_9)
FN:127,(anonymous_10)
FNF:10
FNH:10
FNDA:16,WishlistContainer
FNDA:8,(anonymous_2)
FNDA:8,(anonymous_3)
FNDA:1,(anonymous_4)
FNDA:1,(anonymous_5)
FNDA:2,(anonymous_6)
FNDA:13,(anonymous_7)
FNDA:2,(anonymous_8)
FNDA:11,(anonymous_9)
FNDA:1,(anonymous_10)
DA:1,1
DA:2,1
DA:3,1
DA:4,1
DA:5,1
DA:6,1
DA:7,1
DA:8,1
DA:9,1
DA:10,1
DA:11,1
DA:12,1
DA:13,1
DA:26,16
DA:27,16
DA:28,16
DA:30,16
DA:36,16
DA:37,8
DA:38,8
DA:39,8
DA:40,8
DA:41,7
DA:42,7
DA:44,1
DA:45,1
DA:46,1
DA:48,8
DA:52,8
DA:55,16
DA:56,1
DA:57,1
DA:58,1
DA:59,1
DA:60,2
DA:62,1
DA:64,0
DA:65,0
DA:69,16
DA:71,16
DA:72,8
DA:79,8
DA:96,2
DA:107,11
DA:127,1
DA:144,1
LF:46
LH:44
BRDA:42,0,0,7
BRDA:42,0,1,0
BRDA:71,1,0,8
BRDA:101,2,0,8
BRDA:101,2,1,7
BRDA:103,3,0,1
BRDA:103,3,1,6
BRF:7
BRH:6
end_of_record
TN:
SF:src\pages\BookPage.tsx
FN:5,BookPage
FNF:1
FNH:1
FNDA:1,BookPage
DA:1,1
DA:2,1
DA:3,1
DA:6,1
DA:15,1
LF:5
LH:5
BRF:0
BRH:0
end_of_record
TN:
SF:src\pages\ForgotPassword.tsx
FN:4,ForgotPassword
FNF:1
FNH:1
FNDA:5,ForgotPassword
DA:1,1
DA:2,1
DA:5,5
DA:40,1
LF:4
LH:4
BRF:0
BRH:0
end_of_record
TN:
SF:src\pages\HomePage.tsx
FN:5,HomePage
FNF:1
FNH:1
FNDA:1,HomePage
DA:1,1
DA:2,1
DA:3,1
DA:6,1
DA:15,1
LF:5
LH:5
BRF:0
BRH:0
end_of_record
TN:
SF:src\pages\LoginPage.tsx
FN:10,LoginPage
FN:17,handleSubmit
FN:66,(anonymous_3)
FN:78,(anonymous_4)
FN:92,(anonymous_5)
FN:95,(anonymous_6)
FNF:6
FNH:5
FNDA:16,LoginPage
FNDA:3,handleSubmit
FNDA:0,(anonymous_3)
FNDA:3,(anonymous_4)
FNDA:12,(anonymous_5)
FNDA:2,(anonymous_6)
DA:1,1
DA:2,1
DA:3,1
DA:4,1
DA:5,1
DA:6,1
DA:7,1
DA:8,1
DA:11,16
DA:12,15
DA:13,15
DA:15,15
DA:18,3
DA:20,3
DA:21,1
DA:22,1
DA:24,2
DA:25,1
DA:26,1
DA:29,1
DA:30,1
DA:31,1
DA:33,1
DA:38,1
DA:39,1
DA:42,0
DA:43,0
DA:47,13
DA:66,0
DA:78,3
DA:93,12
DA:95,2
DA:134,1
LF:33
LH:30
BRDA:20,0,0,1
BRDA:24,1,0,1
BRDA:74,2,0,1
BRDA:74,2,1,12
BRDA:77,3,0,1
BRDA:77,3,1,12
BRDA:80,4,0,13
BRDA:80,4,1,1
BRDA:91,5,0,1
BRDA:91,5,1,12
BRDA:93,6,0,0
BRDA:93,6,1,12
BRDA:100,7,0,13
BRDA:100,7,1,1
BRF:14
BRH:13
end_of_record
TN:
SF:src\pages\MyCartPage.tsx
FN:8,MyCartPage
FNF:1
FNH:1
FNDA:1,MyCartPage
DA:1,1
DA:2,1
DA:3,1
DA:4,1
DA:5,1
DA:6,1
DA:9,1
DA:11,1
DA:22,1
LF:9
LH:9
BRF:0
BRH:0
end_of_record
TN:
SF:src\pages\MyOrderPage.tsx
FN:5,WishlistPage
FNF:1
FNH:1
FNDA:1,WishlistPage
DA:1,1
DA:2,1
DA:3,1
DA:6,1
DA:15,1
LF:5
LH:5
BRF:0
BRH:0
end_of_record
TN:
SF:src\pages\OrderConfirmPage.tsx
FN:5,OrderConfirmPage
FNF:1
FNH:1
FNDA:1,OrderConfirmPage
DA:1,1
DA:2,1
DA:3,1
DA:6,1
DA:15,1
LF:5
LH:5
BRF:0
BRH:0
end_of_record
TN:
SF:src\pages\PleaseLoginPage.tsx
FN:5,PleaseLoginPage
FNF:1
FNH:1
FNDA:3,PleaseLoginPage
DA:1,1
DA:2,1
DA:3,1
DA:6,3
DA:24,1
LF:5
LH:5
BRF:0
BRH:0
end_of_record
TN:
SF:src\pages\Profile.tsx
FN:27,Profile
FN:35,(anonymous_2)
FN:37,(anonymous_3)
FN:43,(anonymous_4)
FN:48,(anonymous_5)
FN:53,(anonymous_6)
FN:54,(anonymous_7)
FN:60,(anonymous_8)
FN:62,(anonymous_9)
FN:63,(anonymous_10)
FN:69,(anonymous_11)
FN:96,(anonymous_12)
FN:106,(anonymous_13)
FN:184,(anonymous_14)
FN:197,(anonymous_15)
FN:205,(anonymous_16)
FN:215,(anonymous_17)
FN:231,(anonymous_18)
FN:250,(anonymous_19)
FN:269,(anonymous_20)
FN:282,(anonymous_21)
FN:285,(anonymous_22)
FNF:22
FNH:20
FNDA:24,Profile
FNDA:1,(anonymous_2)
FNDA:1,(anonymous_3)
FNDA:1,(anonymous_4)
FNDA:1,(anonymous_5)
FNDA:1,(anonymous_6)
FNDA:2,(anonymous_7)
FNDA:1,(anonymous_8)
FNDA:1,(anonymous_9)
FNDA:2,(anonymous_10)
FNDA:1,(anonymous_11)
FNDA:2,(anonymous_12)
FNDA:3,(anonymous_13)
FNDA:2,(anonymous_14)
FNDA:46,(anonymous_15)
FNDA:4,(anonymous_16)
FNDA:1,(anonymous_17)
FNDA:1,(anonymous_18)
FNDA:0,(anonymous_19)
FNDA:0,(anonymous_20)
FNDA:138,(anonymous_21)
FNDA:1,(anonymous_22)
DA:1,1
DA:2,1
DA:3,1
DA:5,1
DA:12,1
DA:28,24
DA:29,24
DA:30,24
DA:31,24
DA:32,24
DA:33,24
DA:35,24
DA:36,1
DA:37,1
DA:43,24
DA:44,1
DA:45,1
DA:48,24
DA:52,1
DA:53,1
DA:54,1
DA:55,2
DA:60,24
DA:61,1
DA:62,1
DA:63,1
DA:64,2
DA:69,24
DA:70,1
DA:71,1
DA:74,24
DA:96,2
DA:106,3
DA:184,2
DA:198,46
DA:206,4
DA:215,1
DA:231,1
DA:250,0
DA:269,0
DA:283,138
DA:285,1
DA:311,1
LF:43
LH:41
BRDA:55,0,0,1
BRDA:55,0,1,1
BRDA:64,1,0,1
BRDA:64,1,1,1
BRDA:99,2,0,23
BRDA:99,2,1,1
BRDA:102,3,0,24
BRDA:102,3,1,23
BRDA:109,4,0,4
BRDA:109,4,1,19
BRDA:111,5,0,23
BRDA:111,5,1,4
BRDA:130,6,0,19
BRDA:130,6,1,4
BRDA:144,7,0,19
BRDA:144,7,1,4
BRDA:158,8,0,19
BRDA:158,8,1,4
BRDA:172,9,0,19
BRDA:172,9,1,4
BRDA:187,10,0,23
BRDA:187,10,1,1
BRDA:190,11,0,24
BRDA:190,11,1,23
BRDA:206,12,0,0
BRDA:206,12,1,4
BRDA:210,13,0,6
BRDA:210,13,1,40
BRDA:213,14,0,46
BRDA:213,14,1,6
BRDA:235,15,0,40
BRDA:235,15,1,6
BRDA:255,16,0,40
BRDA:255,16,1,6
BRDA:274,17,0,40
BRDA:274,17,1,6
BRF:36
BRH:35
end_of_record
TN:
SF:src\pages\SignupPage.tsx
FN:9,SignupPage
FN:18,handleSubmit
FN:66,(anonymous_3)
FN:82,(anonymous_4)
FN:97,(anonymous_5)
FN:111,(anonymous_6)
FN:114,(anonymous_7)
FN:129,(anonymous_8)
FNF:8
FNH:7
FNDA:24,SignupPage
FNDA:4,handleSubmit
FNDA:0,(anonymous_3)
FNDA:4,(anonymous_4)
FNDA:3,(anonymous_5)
FNDA:21,(anonymous_6)
FNDA:3,(anonymous_7)
FNDA:3,(anonymous_8)
DA:1,1
DA:2,1
DA:3,1
DA:4,1
DA:5,1
DA:6,1
DA:7,1
DA:10,24
DA:11,24
DA:12,24
DA:13,24
DA:14,24
DA:16,24
DA:19,4
DA:21,4
DA:22,1
DA:23,1
DA:25,3
DA:26,0
DA:27,0
DA:29,3
DA:30,0
DA:31,0
DA:33,3
DA:34,0
DA:35,0
DA:38,3
DA:39,3
DA:40,2
DA:42,2
DA:43,2
DA:46,1
DA:47,1
DA:51,24
DA:66,0
DA:82,4
DA:97,3
DA:112,21
DA:114,3
DA:129,3
DA:150,1
LF:41
LH:34
BRDA:21,0,0,1
BRDA:25,1,0,0
BRDA:29,2,0,0
BRDA:33,3,0,0
BRDA:80,4,0,1
BRDA:80,4,1,23
BRDA:84,5,0,24
BRDA:84,5,1,1
BRDA:95,6,0,0
BRDA:95,6,1,24
BRDA:99,7,0,24
BRDA:99,7,1,0
BRDA:109,8,0,0
BRDA:109,8,1,24
BRDA:112,9,0,0
BRDA:112,9,1,21
BRDA:116,10,0,24
BRDA:116,10,1,0
BRDA:127,11,0,0
BRDA:127,11,1,24
BRDA:131,12,0,24
BRDA:131,12,1,0
BRF:22
BRH:12
end_of_record
TN:
SF:src\pages\WishlistPage.tsx
FN:5,WishlistPage
FNF:1
FNH:1
FNDA:1,WishlistPage
DA:1,1
DA:2,1
DA:3,1
DA:6,1
DA:15,1
LF:5
LH:5
BRF:0
BRH:0
end_of_record
TN:
SF:src\redux\bookSlice.ts
FN:24,(anonymous_0)
FN:39,(anonymous_1)
FN:41,(anonymous_2)
FN:44,(anonymous_3)
FN:48,(anonymous_4)
FNF:5
FNH:1
FNDA:0,(anonymous_0)
FNDA:2,(anonymous_1)
FNDA:0,(anonymous_2)
FNDA:0,(anonymous_3)
FNDA:0,(anonymous_4)
DA:1,2
DA:2,2
DA:24,2
DA:25,0
DA:26,0
DA:29,2
DA:35,2
DA:40,2
DA:42,0
DA:45,0
DA:46,0
DA:49,0
DA:50,0
DA:55,2
LF:14
LH:7
BRDA:26,0,0,0
BRDA:26,0,1,0
BRDA:50,1,0,0
BRDA:50,1,1,0
BRF:4
BRH:0
end_of_record
TN:
SF:src\redux\cartSlice.ts
FN:42,(anonymous_0)
FN:43,(anonymous_1)
FN:45,(anonymous_2)
FN:57,(anonymous_3)
FN:65,(anonymous_4)
FN:82,(anonymous_5)
FN:89,(anonymous_6)
FN:127,(anonymous_7)
FN:132,(anonymous_8)
FN:141,(anonymous_9)
FN:143,(anonymous_10)
FN:148,(anonymous_11)
FN:155,(anonymous_12)
FN:160,(anonymous_13)
FN:165,(anonymous_14)
FN:168,(anonymous_15)
FN:174,(anonymous_16)
FNF:17
FNH:16
FNDA:11,(anonymous_0)
FNDA:6,(anonymous_1)
FNDA:4,(anonymous_2)
FNDA:2,(anonymous_3)
FNDA:2,(anonymous_4)
FNDA:4,(anonymous_5)
FNDA:0,(anonymous_6)
FNDA:1,(anonymous_7)
FNDA:1,(anonymous_8)
FNDA:3,(anonymous_9)
FNDA:2,(anonymous_10)
FNDA:1,(anonymous_11)
FNDA:1,(anonymous_12)
FNDA:2,(anonymous_13)
FNDA:1,(anonymous_14)
FNDA:1,(anonymous_15)
FNDA:1,(anonymous_16)
DA:1,4
DA:2,4
DA:3,4
DA:42,4
DA:43,11
DA:45,4
DA:46,4
DA:47,4
DA:55,4
DA:58,2
DA:59,1
DA:63,4
DA:66,2
DA:67,1
DA:68,1
DA:69,1
DA:71,0
DA:76,4
DA:78,4
DA:86,4
DA:88,4
DA:89,0
DA:92,4
DA:93,0
DA:95,0
DA:99,4
DA:115,4
DA:117,4
DA:122,4
DA:124,4
DA:131,1
DA:132,1
DA:134,1
DA:135,1
DA:136,1
DA:137,1
DA:142,3
DA:144,2
DA:149,1
DA:150,1
DA:151,1
DA:152,1
DA:156,1
DA:157,1
DA:161,2
DA:166,1
DA:167,1
DA:168,1
DA:170,1
DA:171,1
DA:175,1
DA:176,1
DA:182,4
DA:183,4
LF:54
LH:50
BRDA:46,0,0,4
BRDA:46,0,1,4
BRDA:67,1,0,1
BRDA:67,1,1,0
BRDA:92,2,0,0
BRDA:92,2,1,4
BRDA:134,3,0,1
BRDA:158,4,0,1
BRDA:158,4,1,0
BRDA:177,5,0,1
BRDA:177,5,1,0
BRF:11
BRH:7
end_of_record
TN:
SF:src\redux\searchSlice.ts
FN:15,(anonymous_0)
FN:21,(anonymous_1)
FNF:2
FNH:1
FNDA:1,(anonymous_0)
FNDA:0,(anonymous_1)
DA:1,2
DA:7,2
DA:11,2
DA:16,1
DA:21,2
DA:22,2
DA:23,2
LF:7
LH:7
BRF:0
BRH:0
end_of_record
TN:
SF:src\redux\store.ts
FNF:0
FNH:0
DA:1,2
DA:2,2
DA:3,2
DA:4,2
DA:6,2
LF:5
LH:5
BRF:0
BRH:0
end_of_record
TN:
SF:src\utils\API.ts
FN:4,(anonymous_1)
FN:15,(anonymous_2)
FN:26,(anonymous_3)
FN:44,(anonymous_4)
FN:63,(anonymous_5)
FN:85,(anonymous_6)
FN:107,(anonymous_7)
FN:126,(anonymous_8)
FN:145,(anonymous_9)
FN:164,(anonymous_10)
FN:183,(anonymous_11)
FN:203,(anonymous_12)
FN:222,(anonymous_13)
FNF:13
FNH:1
FNDA:0,(anonymous_1)
FNDA:0,(anonymous_2)
FNDA:0,(anonymous_3)
FNDA:0,(anonymous_4)
FNDA:0,(anonymous_5)
FNDA:0,(anonymous_6)
FNDA:0,(anonymous_7)
FNDA:0,(anonymous_8)
FNDA:0,(anonymous_9)
FNDA:0,(anonymous_10)
FNDA:0,(anonymous_11)
FNDA:0,(anonymous_12)
FNDA:1,(anonymous_13)
DA:1,3
DA:2,3
DA:4,3
DA:5,0
DA:6,0
DA:7,0
DA:10,0
DA:11,0
DA:15,3
DA:16,0
DA:17,0
DA:18,0
DA:21,0
DA:22,0
DA:26,3
DA:27,0
DA:28,0
DA:29,0
DA:32,0
DA:33,0
DA:34,0
DA:35,0
DA:38,0
DA:39,0
DA:44,3
DA:45,0
DA:46,0
DA:47,0
DA:49,0
DA:55,0
DA:58,0
DA:59,0
DA:63,3
DA:64,0
DA:65,0
DA:66,0
DA:68,0
DA:78,0
DA:80,0
DA:81,0
DA:85,3
DA:86,0
DA:87,0
DA:88,0
DA:90,0
DA:100,0
DA:102,0
DA:103,0
DA:107,3
DA:108,0
DA:109,0
DA:110,0
DA:112,0
DA:119,0
DA:121,0
DA:122,0
DA:126,3
DA:127,0
DA:128,0
DA:129,0
DA:131,0
DA:138,0
DA:140,0
DA:141,0
DA:145,3
DA:146,0
DA:147,0
DA:148,0
DA:150,0
DA:157,0
DA:159,0
DA:160,0
DA:164,3
DA:165,0
DA:166,0
DA:167,0
DA:169,0
DA:176,0
DA:178,0
DA:179,0
DA:183,3
DA:184,0
DA:185,0
DA:186,0
DA:188,0
DA:196,0
DA:198,0
DA:199,0
DA:203,3
DA:204,0
DA:205,0
DA:206,0
DA:208,0
DA:215,0
DA:217,0
DA:218,0
DA:222,3
DA:228,1
DA:229,1
DA:230,1
DA:232,1
DA:239,0
DA:241,0
DA:242,0
LF:104
LH:19
BRDA:46,0,0,0
BRDA:46,0,1,0
BRDA:65,1,0,0
BRDA:65,1,1,0
BRDA:87,2,0,0
BRDA:87,2,1,0
BRDA:109,3,0,0
BRDA:109,3,1,0
BRDA:128,4,0,0
BRDA:128,4,1,0
BRDA:147,5,0,0
BRDA:147,5,1,0
BRDA:166,6,0,0
BRDA:166,6,1,0
BRDA:185,7,0,0
BRDA:185,7,1,0
BRDA:205,8,0,0
BRDA:205,8,1,0
BRDA:229,9,0,1
BRDA:229,9,1,1
BRF:20
BRH:2
end_of_record
